# JRE version: Java(TM) SE Runtime Environment (19.0+36) (build 19+36-2238)
# Java VM: Java HotSpot(TM) 64-Bit Server VM (19+36-2238, mixed mode, sharing, tiered, compressed oops, compressed class ptrs, g1 gc, windows-amd64)
GC Precious Log:
 CardTable entry size: 512
 Card Set container configuration: InlinePtr #cards 5 size 8 Array Of Cards #cards 12 size 40 Howl #buckets 4 coarsen threshold 1843 Howl Bitmap #cards 512 size 80 coarsen threshold 460 Card regions per heap region 1 cards per card region 2048
 CPUs: 4 total, 4 available
 Memory: 8073M
 Large Page Support: Disabled
 NUMA Support: Disabled
 Compressed Oops: Enabled (32-bit)
 Heap Region Size: 1M
 Heap Min Capacity: 8M
 Heap Initial Capacity: 128M
 Heap Max Capacity: 2020M
 Pre-touch: Disabled
 Parallel Workers: 4
 Concurrent Workers: 1
 Concurrent Refinement Workers: 4
 Periodic GC: Disabled
Heap:
 garbage-first heap   total 131072K, used 28158K [0x0000000081c00000, 0x0000000100000000)
  region size 1024K, 22 young (22528K), 3 survivors (3072K)
 Metaspace       used 17421K, committed 17664K, reserved 1114112K
  class space    used 2109K, committed 2240K, reserved 1048576K
GC Heap History (6 events):
Event: 0.803 GC heap before
{Heap before GC invocations=0 (full 0):
 garbage-first heap   total 131072K, used 13312K [0x0000000081c00000, 0x0000000100000000)
  region size 1024K, 13 young (13312K), 0 survivors (0K)
 Metaspace       used 2867K, committed 3008K, reserved 1114112K
  class space    used 268K, committed 320K, reserved 1048576K
}
Event: 0.810 GC heap after
{Heap after GC invocations=1 (full 0):
 garbage-first heap   total 131072K, used 7029K [0x0000000081c00000, 0x0000000100000000)
  region size 1024K, 2 young (2048K), 2 survivors (2048K)
 Metaspace       used 2867K, committed 3008K, reserved 1114112K
  class space    used 268K, committed 320K, reserved 1048576K
}
Event: 1.699 GC heap before
{Heap before GC invocations=1 (full 0):
 garbage-first heap   total 131072K, used 18293K [0x0000000081c00000, 0x0000000100000000)
  region size 1024K, 13 young (13312K), 2 survivors (2048K)
 Metaspace       used 6252K, committed 6464K, reserved 1114112K
  class space    used 713K, committed 832K, reserved 1048576K
}
Event: 1.705 GC heap after
{Heap after GC invocations=2 (full 0):
 garbage-first heap   total 131072K, used 7987K [0x0000000081c00000, 0x0000000100000000)
  region size 1024K, 1 young (1024K), 1 survivors (1024K)
 Metaspace       used 6252K, committed 6464K, reserved 1114112K
  class space    used 713K, committed 832K, reserved 1048576K
}
Event: 3.472 GC heap before
{Heap before GC invocations=2 (full 0):
 garbage-first heap   total 131072K, used 33587K [0x0000000081c00000, 0x0000000100000000)
  region size 1024K, 26 young (26624K), 1 survivors (1024K)
 Metaspace       used 12405K, committed 12672K, reserved 1114112K
  class space    used 1540K, committed 1664K, reserved 1048576K
}
Event: 3.478 GC heap after
{Heap after GC invocations=3 (full 0):
 garbage-first heap   total 131072K, used 9726K [0x0000000081c00000, 0x0000000100000000)
  region size 1024K, 3 young (3072K), 3 survivors (3072K)
 Metaspace       used 12405K, committed 12672K, reserved 1114112K
  class space    used 1540K, committed 1664K, reserved 1048576K
}

